[2015-12-04 16:09:17] Stratum.DEBUG: 20151204 16:09:17:54:getClient: Creating new Bullhorn client [] []
[2015-12-04 16:09:17] Stratum.DEBUG: 20151204 09:09:17:48:init: Creating new BullhornService [] []
[2015-12-04 16:09:17] Stratum.DEBUG: 20151204 09:09:17:48:init: Get access via refresh [] []
[2015-12-04 16:09:17] Stratum.DEBUG: 20151204 09:09:17:122:load_refresh: Getting access token with 22:335cbb3c-15bd-4ade-b53e-7ceb6a62482c [] []
[2015-12-04 16:09:24] Stratum.DEBUG: 20151204 09:09:24:134:var_debug: array(4) {   ["access_token"]=>   string(39) "22:f62565cf-0eac-49f0-aa1b-e4961ce52322"   ["token_type"]=>   string(6) "Bearer"   ["expires_in"]=>   int(600)   ["refresh_token"]=>   string(39) "22:218540c2-62ac-4c96-89a5-e88022c83e97" }  [] []
[2015-12-04 16:09:24] Stratum.DEBUG: 20151204 09:09:24:122:load_refresh: We have a good refresh token [] []
[2015-12-04 16:09:24] Stratum.DEBUG: 20151204 09:09:24:142:get_login: At login function with refresh 22:218540c2-62ac-4c96-89a5-e88022c83e97 and token 22:f62565cf-0eac-49f0-aa1b-e4961ce52322 [] []
[2015-12-04 16:09:29] Stratum.DEBUG: 20151204 09:09:29:142:get_login: Login json decoded: [] []
[2015-12-04 16:09:29] Stratum.DEBUG: 20151204 09:09:29:176:var_debug: array(2) {   ["BhRestToken"]=>   string(36) "6ae7b50e-d36f-41b0-a92f-442684784faf"   ["restUrl"]=>   string(56) "https://rest22.bullhornstaffing.com/rest-services/987up/" }  [] []
[2015-12-04 16:09:29] Stratum.DEBUG: 20151204 09:09:29:142:get_login: Successfully logged in to Bullhorn [] []
[2015-12-04 16:42:02] Stratum.DEBUG: 20151204 16:42:02:54:getClient: Creating new Bullhorn client [] []
[2015-12-04 16:42:02] Stratum.DEBUG: 20151204 09:42:02:48:init: Creating new BullhornService [] []
[2015-12-04 16:42:02] Stratum.DEBUG: 20151204 09:42:02:48:init: Get access via refresh [] []
[2015-12-04 16:42:02] Stratum.DEBUG: 20151204 09:42:02:122:load_refresh: Getting access token with 22:218540c2-62ac-4c96-89a5-e88022c83e97 [] []
[2015-12-04 16:42:09] Stratum.DEBUG: 20151204 09:42:09:134:var_debug: array(4) {   ["access_token"]=>   string(39) "22:043c6b78-00fa-4468-a987-9cf7d2dadf97"   ["token_type"]=>   string(6) "Bearer"   ["expires_in"]=>   int(600)   ["refresh_token"]=>   string(39) "22:4b2e31de-de32-41b0-ba8a-e42e5b378206" }  [] []
[2015-12-04 16:42:09] Stratum.DEBUG: 20151204 09:42:09:122:load_refresh: We have a good refresh token [] []
[2015-12-04 16:42:09] Stratum.DEBUG: 20151204 09:42:09:142:get_login: At login function with refresh 22:4b2e31de-de32-41b0-ba8a-e42e5b378206 and token 22:043c6b78-00fa-4468-a987-9cf7d2dadf97 [] []
[2015-12-04 16:42:16] Stratum.DEBUG: 20151204 09:42:16:142:get_login: Login json decoded: [] []
[2015-12-04 16:42:16] Stratum.DEBUG: 20151204 09:42:16:176:var_debug: array(2) {   ["BhRestToken"]=>   string(36) "bb4b0d6a-d780-44a0-9c37-145b0c1373c4"   ["restUrl"]=>   string(56) "https://rest22.bullhornstaffing.com/rest-services/987up/" }  [] []
[2015-12-04 16:42:16] Stratum.DEBUG: 20151204 09:42:16:142:get_login: Successfully logged in to Bullhorn [] []
[2015-12-04 17:00:52] Stratum.DEBUG: 20151204 17:00:52:54:getClient: Creating new Bullhorn client [] []
[2015-12-04 17:00:52] Stratum.DEBUG: 20151204 10:00:52:48:init: Creating new BullhornService [] []
[2015-12-04 17:00:52] Stratum.DEBUG: 20151204 10:00:52:48:init: Get access via refresh [] []
[2015-12-04 17:00:52] Stratum.DEBUG: 20151204 10:00:52:122:load_refresh: Getting access token with 22:4b2e31de-de32-41b0-ba8a-e42e5b378206 [] []
[2015-12-04 17:00:58] Stratum.DEBUG: 20151204 10:00:58:134:var_debug: array(4) {   ["access_token"]=>   string(39) "22:63bee12e-1d0f-425c-9a17-6ce0a3d8bde8"   ["token_type"]=>   string(6) "Bearer"   ["expires_in"]=>   int(600)   ["refresh_token"]=>   string(39) "22:df061d91-76fa-4904-bd99-af89e8b95d9c" }  [] []
[2015-12-04 17:00:58] Stratum.DEBUG: 20151204 10:00:58:122:load_refresh: We have a good refresh token [] []
[2015-12-04 17:00:58] Stratum.DEBUG: 20151204 10:00:58:142:get_login: At login function with refresh 22:df061d91-76fa-4904-bd99-af89e8b95d9c and token 22:63bee12e-1d0f-425c-9a17-6ce0a3d8bde8 [] []
[2015-12-04 17:01:02] Stratum.DEBUG: 20151204 10:01:02:142:get_login: Login json decoded: [] []
[2015-12-04 17:01:02] Stratum.DEBUG: 20151204 10:01:02:176:var_debug: array(2) {   ["BhRestToken"]=>   string(36) "17d368c6-b8d4-47d7-af23-435bf7ad4b34"   ["restUrl"]=>   string(56) "https://rest22.bullhornstaffing.com/rest-services/987up/" }  [] []
[2015-12-04 17:01:02] Stratum.DEBUG: 20151204 10:01:02:142:get_login: Successfully logged in to Bullhorn [] []
